<?xml version="1.0" encoding="UTF-8" ?>
<testsuite failures="2" time="0.005" errors="0" skipped="0" tests="2" name="specs.CoffeeTrackerConsumptionPerPersonIsSpec">
  <properties>
[...]
</properties>
  <testcase time="0.003" classname="specs.CoffeeTrackerConsumptionPerPersonIsSpec" name="zero with zero coffee drinkers">
    <failure message="
Expected emptyTracker.consumptionOf(&quot;somebody&quot;) =&gt; 0 but
     emptyTracker.consumptionOf(&quot;somebody&quot;) is &lt;-1&gt;
     emptyTracker is &lt;CoffeeTracker [
  _coffeeDrinkers = EmptyList ()
]&gt;
" type="java.lang.AssertionError">java.lang.AssertionError: 
Expected emptyTracker.consumptionOf(&quot;somebody&quot;) =&gt; 0 but
     emptyTracker.consumptionOf(&quot;somebody&quot;) is &lt;-1&gt;
     emptyTracker is &lt;CoffeeTracker [
  _coffeeDrinkers = EmptyList ()
]&gt;

	at org.junit.Assert.fail(Assert.java:93)
	at org.junit.Assert.assertTrue(Assert.java:43)
	at specs.CoffeeTrackerConsumptionPerPersonIsSpec._zeroWithZeroCoffeeDrinkers(CoffeeTrackerConsumptionPerPersonIsSpec.java:27)
	at sun.reflect.NativeMethodAccessorImpl.invoke0(Native Method)
	at sun.reflect.NativeMethodAccessorImpl.invoke(NativeMethodAccessorImpl.java:39)
	at sun.reflect.DelegatingMethodAccessorImpl.invoke(DelegatingMethodAccessorImpl.java:25)
	at java.lang.reflect.Method.invoke(Method.java:597)
	at org.junit.runners.model.FrameworkMethod$1.runReflectiveCall(FrameworkMethod.java:45)
	at org.junit.internal.runners.model.ReflectiveCallable.run(ReflectiveCallable.java:15)
	at org.junit.runners.model.FrameworkMethod.invokeExplosively(FrameworkMethod.java:42)
	at org.junit.internal.runners.statements.InvokeMethod.evaluate(InvokeMethod.java:20)
	at org.junit.rules.RunRules.evaluate(RunRules.java:18)
	at org.junit.runners.ParentRunner.runLeaf(ParentRunner.java:263)
	at org.junit.runners.BlockJUnit4ClassRunner.runChild(BlockJUnit4ClassRunner.java:68)
	at org.jnario.runner.ExampleRunner.runChild(ExampleRunner.java:101)
	at org.jnario.runner.ExampleRunner.runChild(ExampleRunner.java:39)
	at org.junit.runners.ParentRunner$3.run(ParentRunner.java:231)
	at org.junit.runners.ParentRunner$1.schedule(ParentRunner.java:60)
	at org.junit.runners.ParentRunner.runChildren(ParentRunner.java:229)
	at org.junit.runners.ParentRunner.access$000(ParentRunner.java:50)
	at org.junit.runners.ParentRunner$2.evaluate(ParentRunner.java:222)
	at org.junit.runners.ParentRunner.run(ParentRunner.java:300)
	at org.jnario.runner.ExampleGroupRunner.runChild(ExampleGroupRunner.java:236)
	at org.jnario.runner.ExampleGroupRunner.runChild(ExampleGroupRunner.java:53)
	at org.junit.runners.ParentRunner$3.run(ParentRunner.java:231)
	at org.junit.runners.ParentRunner$1.schedule(ParentRunner.java:60)
	at org.junit.runners.ParentRunner.runChildren(ParentRunner.java:229)
	at org.junit.runners.ParentRunner.access$000(ParentRunner.java:50)
	at org.junit.runners.ParentRunner$2.evaluate(ParentRunner.java:222)
	at org.junit.rules.RunRules.evaluate(RunRules.java:18)
	at org.junit.runners.ParentRunner.run(ParentRunner.java:300)
	at org.apache.maven.surefire.junit4.JUnit4Provider.execute(JUnit4Provider.java:236)
	at org.apache.maven.surefire.junit4.JUnit4Provider.executeTestSet(JUnit4Provider.java:134)
	at org.apache.maven.surefire.junit4.JUnit4Provider.invoke(JUnit4Provider.java:113)
	at sun.reflect.NativeMethodAccessorImpl.invoke0(Native Method)
	at sun.reflect.NativeMethodAccessorImpl.invoke(NativeMethodAccessorImpl.java:39)
	at sun.reflect.DelegatingMethodAccessorImpl.invoke(DelegatingMethodAccessorImpl.java:25)
	at java.lang.reflect.Method.invoke(Method.java:597)
	at org.apache.maven.surefire.util.ReflectionUtils.invokeMethodWithArray(ReflectionUtils.java:189)
	at org.apache.maven.surefire.booter.ProviderFactory$ProviderProxy.invoke(ProviderFactory.java:165)
	at org.apache.maven.surefire.booter.ProviderFactory.invokeProvider(ProviderFactory.java:85)
	at org.apache.maven.surefire.booter.ForkedBooter.runSuitesInProcess(ForkedBooter.java:103)
	at org.apache.maven.surefire.booter.ForkedBooter.main(ForkedBooter.java:74)
</failure>
  </testcase>
  <testcase time="0.002" classname="specs.CoffeeTrackerConsumptionPerPersonIsSpec" name="coffee count of person with given name">
    <failure message="
Expected tracker.consumptionOf(&quot;a&quot;) =&gt; 2 but
     tracker.consumptionOf(&quot;a&quot;) is &lt;-1&gt;
     tracker is &lt;CoffeeTracker [
  _coffeeDrinkers = ArrayList (
    CoffeeDrinker [
      _name = &quot;a&quot;
      _coffeeCount = 2
    ],
    CoffeeDrinker [
      _name = &quot;a&quot;
      _coffeeCount = 2
    ]
  )
]&gt;
" type="java.lang.AssertionError">java.lang.AssertionError: 
Expected tracker.consumptionOf(&quot;a&quot;) =&gt; 2 but
     tracker.consumptionOf(&quot;a&quot;) is &lt;-1&gt;
     tracker is &lt;CoffeeTracker [
  _coffeeDrinkers = ArrayList (
    CoffeeDrinker [
      _name = &quot;a&quot;
      _coffeeCount = 2
    ],
    CoffeeDrinker [
      _name = &quot;a&quot;
      _coffeeCount = 2
    ]
  )
]&gt;

	at org.junit.Assert.fail(Assert.java:93)
	at org.junit.Assert.assertTrue(Assert.java:43)
	at specs.CoffeeTrackerConsumptionPerPersonIsSpec._coffeeCountOfPersonWithGivenName(CoffeeTrackerConsumptionPerPersonIsSpec.java:44)
	at sun.reflect.NativeMethodAccessorImpl.invoke0(Native Method)
	at sun.reflect.NativeMethodAccessorImpl.invoke(NativeMethodAccessorImpl.java:39)
	at sun.reflect.DelegatingMethodAccessorImpl.invoke(DelegatingMethodAccessorImpl.java:25)
	at java.lang.reflect.Method.invoke(Method.java:597)
	at org.junit.runners.model.FrameworkMethod$1.runReflectiveCall(FrameworkMethod.java:45)
	at org.junit.internal.runners.model.ReflectiveCallable.run(ReflectiveCallable.java:15)
	at org.junit.runners.model.FrameworkMethod.invokeExplosively(FrameworkMethod.java:42)
	at org.junit.internal.runners.statements.InvokeMethod.evaluate(InvokeMethod.java:20)
	at org.junit.rules.RunRules.evaluate(RunRules.java:18)
	at org.junit.runners.ParentRunner.runLeaf(ParentRunner.java:263)
	at org.junit.runners.BlockJUnit4ClassRunner.runChild(BlockJUnit4ClassRunner.java:68)
	at org.jnario.runner.ExampleRunner.runChild(ExampleRunner.java:101)
	at org.jnario.runner.ExampleRunner.runChild(ExampleRunner.java:39)
	at org.junit.runners.ParentRunner$3.run(ParentRunner.java:231)
	at org.junit.runners.ParentRunner$1.schedule(ParentRunner.java:60)
	at org.junit.runners.ParentRunner.runChildren(ParentRunner.java:229)
	at org.junit.runners.ParentRunner.access$000(ParentRunner.java:50)
	at org.junit.runners.ParentRunner$2.evaluate(ParentRunner.java:222)
	at org.junit.runners.ParentRunner.run(ParentRunner.java:300)
	at org.jnario.runner.ExampleGroupRunner.runChild(ExampleGroupRunner.java:236)
	at org.jnario.runner.ExampleGroupRunner.runChild(ExampleGroupRunner.java:53)
	at org.junit.runners.ParentRunner$3.run(ParentRunner.java:231)
	at org.junit.runners.ParentRunner$1.schedule(ParentRunner.java:60)
	at org.junit.runners.ParentRunner.runChildren(ParentRunner.java:229)
	at org.junit.runners.ParentRunner.access$000(ParentRunner.java:50)
	at org.junit.runners.ParentRunner$2.evaluate(ParentRunner.java:222)
	at org.junit.rules.RunRules.evaluate(RunRules.java:18)
	at org.junit.runners.ParentRunner.run(ParentRunner.java:300)
	at org.apache.maven.surefire.junit4.JUnit4Provider.execute(JUnit4Provider.java:236)
	at org.apache.maven.surefire.junit4.JUnit4Provider.executeTestSet(JUnit4Provider.java:134)
	at org.apache.maven.surefire.junit4.JUnit4Provider.invoke(JUnit4Provider.java:113)
	at sun.reflect.NativeMethodAccessorImpl.invoke0(Native Method)
	at sun.reflect.NativeMethodAccessorImpl.invoke(NativeMethodAccessorImpl.java:39)
	at sun.reflect.DelegatingMethodAccessorImpl.invoke(DelegatingMethodAccessorImpl.java:25)
	at java.lang.reflect.Method.invoke(Method.java:597)
	at org.apache.maven.surefire.util.ReflectionUtils.invokeMethodWithArray(ReflectionUtils.java:189)
	at org.apache.maven.surefire.booter.ProviderFactory$ProviderProxy.invoke(ProviderFactory.java:165)
	at org.apache.maven.surefire.booter.ProviderFactory.invokeProvider(ProviderFactory.java:85)
	at org.apache.maven.surefire.booter.ForkedBooter.runSuitesInProcess(ForkedBooter.java:103)
	at org.apache.maven.surefire.booter.ForkedBooter.main(ForkedBooter.java:74)
</failure>
  </testcase>
</testsuite>