<?xml version="1.0" encoding="UTF-8" ?>
<testsuite failures="0" time="0.01" errors="0" skipped="0" tests="3" name="specs.CoffeeListParserSpec">
  <properties>
[...]
</properties>
  <testcase time="0" classname="specs.CoffeeListParserSpec" name="empty list has no coffee drinkers"/>
  <testcase time="0.008" classname="specs.CoffeeListParserSpec" name="coffee per drinker has the format NAME |*"/>
  <testcase time="0.002" classname="specs.CoffeeListParserSpec" name="multiple coffee drinkers are separated by newlines"/>
</testsuite>